<?xml version="1.0" encoding="UTF-8"?>
<!-- Generated by org.testng.reporters.JUnitXMLReporter -->
<testsuite ignored="0" hostname="DESKTOP-M21FH2C" failures="0" tests="3" name="Default test" time="0.122" errors="0" timestamp="2021-12-28T11:26:07 IST">
  <testcase classname="Practices.DataproviderTest" name="readDataFromDataProvider" time="0.012"/>
  <testcase classname="Practices.DataproviderTest" name="readDataFromDataProvider" time="0.001"/>
  <testcase classname="Practices.DataproviderTest" name="readDataFromDataProvider" time="0.002"/>
</testsuite> <!-- Default test -->
