<?xml version="1.0" encoding="UTF-8"?>
<testng-results ignored="0" total="3" passed="3" failed="0" skipped="0">
  <reporter-output>
  </reporter-output>
  <suite started-at="2021-12-28T11:26:07 IST" name="Default suite" finished-at="2021-12-28T11:26:07 IST" duration-ms="122">
    <groups>
    </groups>
    <test started-at="2021-12-28T11:26:07 IST" name="Default test" finished-at="2021-12-28T11:26:07 IST" duration-ms="122">
      <class name="Practices.DataproviderTest">
        <test-method signature="readDataFromDataProvider(java.lang.String,int)[pri:0, instance:Practices.DataproviderTest@6ef888f6]" started-at="2021-12-28T11:26:07 IST" name="readDataFromDataProvider" data-provider="getData" finished-at="2021-12-28T11:26:07 IST" duration-ms="12" status="PASS">
          <params>
            <param index="0">
              <value>
                <![CDATA[I Phone]]>
              </value>
            </param>
            <param index="1">
              <value>
                <![CDATA[10]]>
              </value>
            </param>
          </params>
          <reporter-output>
          </reporter-output>
        </test-method> <!-- readDataFromDataProvider -->
        <test-method signature="readDataFromDataProvider(java.lang.String,int)[pri:0, instance:Practices.DataproviderTest@6ef888f6]" started-at="2021-12-28T11:26:07 IST" name="readDataFromDataProvider" data-provider="getData" finished-at="2021-12-28T11:26:07 IST" duration-ms="1" status="PASS">
          <params>
            <param index="0">
              <value>
                <![CDATA[Samsung]]>
              </value>
            </param>
            <param index="1">
              <value>
                <![CDATA[20]]>
              </value>
            </param>
          </params>
          <reporter-output>
          </reporter-output>
        </test-method> <!-- readDataFromDataProvider -->
        <test-method signature="readDataFromDataProvider(java.lang.String,int)[pri:0, instance:Practices.DataproviderTest@6ef888f6]" started-at="2021-12-28T11:26:07 IST" name="readDataFromDataProvider" data-provider="getData" finished-at="2021-12-28T11:26:07 IST" duration-ms="2" status="PASS">
          <params>
            <param index="0">
              <value>
                <![CDATA[Vivo]]>
              </value>
            </param>
            <param index="1">
              <value>
                <![CDATA[30]]>
              </value>
            </param>
          </params>
          <reporter-output>
          </reporter-output>
        </test-method> <!-- readDataFromDataProvider -->
      </class> <!-- Practices.DataproviderTest -->
    </test> <!-- Default test -->
  </suite> <!-- Default suite -->
</testng-results>
